08:51:00 [main] INFO  com.revature.controller.UserController - User [id=67, username=lbarr1r, password=TK7TvvxeF81T, role_id=2]
08:54:18 [main] INFO  com.revature.controller.UserController - User [id=67, username=lbarr1r, password=TK7TvvxeF81T, role_id=2]
08:59:50 [main] INFO  com.revature.controller.UserController - User [id=67, username=lbarr1r, password=TK7TvvxeF81T, role_id=2]
09:25:06 [main] INFO  com.revature.controller.UserController - User [id=65, username=gcrossingham1p, password=tlaoNFX, role_id=1]
09:29:42 [main] INFO  com.revature.controller.UserController - User [id=65, username=gcrossingham1p, password=tlaoNFX, role_id=1]
09:35:17 [main] INFO  com.revature.controller.UserController - User [id=65, username=gcrossingham1p, password=tlaoNFX, role_id=1]
09:36:36 [main] INFO  com.revature.controller.UserController - User [id=67, username=lbarr1r, password=TK7TvvxeF81T, role_id=2]
09:39:27 [main] INFO  com.revature.controller.UserController - User [id=67, username=lbarr1r, password=TK7TvvxeF81T, role_id=2]
09:54:50 [main] INFO  com.revature.daos.UserPostgres - select * from users where username  = 'lbarr1r'
09:54:50 [main] INFO  com.revature.controller.UserController - User [id=67, username=lbarr1r, password=TK7TvvxeF81T, role_id=2]
10:04:06 [main] INFO  com.revature.daos.UserPostgres - select * from users where username  = 'lbarr1r'
10:04:06 [main] INFO  com.revature.controller.UserController - User [id=67, username=lbarr1r, password=TK7TvvxeF81T, role_id=2]
10:04:31 [main] INFO  com.revature.daos.ProductPostgres - select * from products where lower(product_name) like '%coff%' and user_id is null order by id
10:49:25 [main] INFO  com.revature.daos.UserPostgres - select * from users where username  = 'lbarr1r'
10:49:25 [main] INFO  com.revature.controller.UserController - User [id=67, username=lbarr1r, password=TK7TvvxeF81T, role_id=2]
10:49:45 [main] INFO  com.revature.daos.ProductPostgres - select * from products where user_id = 67
10:50:17 [main] INFO  com.revature.daos.ProductPostgres - select * from products where id = 30 
10:51:16 [main] INFO  com.revature.daos.UserPostgres - select * from users where username  = 'gcrossingham1p'
10:51:16 [main] INFO  com.revature.controller.UserController - User [id=65, username=gcrossingham1p, password=tlaoNFX, role_id=1]
10:51:37 [main] INFO  com.revature.daos.UserPostgres - select * from users where id = 67
10:52:51 [main] INFO  com.revature.daos.UserPostgres - select * from users where id = 67
10:53:02 [main] INFO  com.revature.daos.ProductPostgres - select * from products where id = 30 
10:53:03 [main] INFO  com.revature.daos.ProductPostgres - update products set  user_id = 67 where id = 30
10:53:03 [main] INFO  com.revature.daos.PaymentConnDAO - insert into payment_connection (offer_price, payment_details, user_id, product_id, offers_id, transaction_no, active) values (10.0,'Stock - Beef, White',67,30,26,'3H0s75ZNrTP4sK1',1) returning id
10:53:03 [main] INFO  com.revature.daos.PaymentPostgres - insert into  payment (paid, payment_connection_id) values (5.0,11) returning id
10:55:50 [main] INFO  com.revature.daos.UserPostgres - select * from users where username  = 'gcrossingham1p'
10:55:50 [main] INFO  com.revature.controller.UserController - User [id=65, username=gcrossingham1p, password=tlaoNFX, role_id=1]
10:56:14 [main] INFO  com.revature.daos.PaymentConnDAO - select * from payment_connection where id = 11
10:56:14 [main] INFO  com.revature.daos.UserPostgres - select * from users where id = 67
10:56:14 [main] INFO  com.revature.daos.ProductPostgres - select * from products where id = 30 
10:58:53 [main] INFO  com.revature.daos.UserPostgres - select * from users where username  = 'gcrossingham1p'
10:58:53 [main] INFO  com.revature.controller.UserController - User [id=65, username=gcrossingham1p, password=tlaoNFX, role_id=1]
10:58:55 [main] INFO  com.revature.daos.PaymentConnDAO - select * from payment_connection where id = 11
10:58:56 [main] INFO  com.revature.daos.UserPostgres - select * from users where id = 67
10:58:56 [main] INFO  com.revature.daos.ProductPostgres - select * from products where id = 30 
